TN:
SF:contracts/BeefySonic.sol
DA:35,6
FN:35,BeefySonic.constructor
FNDA:6,BeefySonic.constructor
DA:36,6
DA:49,10
FN:49,BeefySonic.initialize
FNDA:10,BeefySonic.initialize
DA:60,10
DA:61,10
DA:62,10
DA:63,10
DA:64,10
DA:65,10
DA:68,10
BRDA:68,0,0,5
DA:70,5
DA:71,5
DA:72,5
DA:73,5
DA:74,5
DA:75,5
DA:76,5
DA:77,5
DA:78,5
DA:79,5
DA:80,5
DA:85,72
FN:85,BeefySonic._onlyOperatorOrController
FNDA:72,BeefySonic._onlyOperatorOrController
DA:86,72
DA:87,72
BRDA:87,1,0,8
DA:94,8
FN:94,BeefySonic.deposit
FNDA:8,BeefySonic.deposit
DA:95,8
DA:97,8
DA:98,8
BRDA:98,2,0,-
DA:100,8
DA:102,8
DA:103,8
DA:110,8
FN:110,BeefySonic.mint
FNDA:8,BeefySonic.mint
DA:111,8
DA:113,8
DA:114,8
BRDA:114,3,0,-
DA:116,8
DA:118,8
DA:119,8
DA:127,24
FN:127,BeefySonic._deposit
FNDA:24,BeefySonic._deposit
DA:128,24
DA:131,24
BRDA:131,4,0,8
DA:134,16
DA:137,16
DA:138,16
DA:141,16
DA:144,16
DA:147,16
DA:153,22
FN:153,BeefySonic._getValidatorToDeposit
FNDA:22,BeefySonic._getValidatorToDeposit
DA:154,22
DA:157,22
BRDA:157,5,0,-
DA:160,22
DA:163,22
DA:164,35
DA:166,35
DA:169,28
DA:170,28
BRDA:170,7,0,1
DA:171,1
DA:173,1
DA:177,27
DA:178,27
DA:181,27
DA:184,27
DA:189,0
DA:198,1
FN:198,BeefySonic.requestRedeem
FNDA:1,BeefySonic.requestRedeem
DA:199,1
DA:207,26
FN:207,BeefySonic.requestRedeem
FNDA:26,BeefySonic.requestRedeem
DA:208,26
DA:216,27
FN:216,BeefySonic._requestRedeem
FNDA:27,BeefySonic._requestRedeem
DA:217,27
DA:219,27
DA:222,19
DA:225,19
DA:227,19
DA:228,19
DA:231,19
DA:234,19
DA:237,19
DA:239,21
DA:240,21
DA:243,21
DA:246,21
DA:249,21
DA:250,21
DA:251,21
DA:254,21
DA:257,19
DA:260,19
DA:271,19
DA:273,19
DA:274,19
DA:282,19
FN:282,BeefySonic._getValidatorsToWithdraw
FNDA:19,BeefySonic._getValidatorsToWithdraw
DA:283,19
DA:285,19
DA:286,19
DA:287,19
DA:288,19
DA:291,19
DA:292,37
DA:293,37
DA:295,3
BRDA:295,9,0,3
DA:296,3
DA:298,1
BRDA:298,11,0,-
DA:300,1
BRDA:300,12,0,1
DA:301,1
DA:302,1
DA:303,1
DA:304,1
DA:305,1
DA:308,0
DA:313,18
DA:314,28
DA:316,28
DA:318,20
BRDA:318,14,0,2
BRDA:318,14,1,18
DA:319,2
DA:320,2
DA:321,2
DA:322,2
DA:324,18
DA:325,18
DA:326,18
DA:327,18
DA:328,18
DA:332,18
BRDA:332,15,0,-
DA:334,18
DA:335,18
DA:337,18
DA:338,20
DA:339,20
DA:348,26
FN:348,BeefySonic.withdraw
FNDA:26,BeefySonic.withdraw
DA:354,26
DA:356,26
DA:358,26
DA:360,26
DA:362,26
DA:370,2
FN:370,BeefySonic.redeem
FNDA:2,BeefySonic.redeem
DA:376,2
DA:379,2
DA:381,2
DA:383,2
DA:391,1
FN:391,BeefySonic.emergencyWithdraw
FNDA:1,BeefySonic.emergencyWithdraw
DA:392,1
DA:395,1
DA:397,1
DA:399,1
DA:404,1
FN:404,BeefySonic.checkForSlashedValidatorsAndUndelegate
FNDA:1,BeefySonic.checkForSlashedValidatorsAndUndelegate
DA:405,1
DA:406,1
DA:409,1
DA:410,1
BRDA:410,16,0,1
DA:411,1
DA:412,1
DA:413,1
DA:414,1
BRDA:414,17,0,1
DA:415,1
DA:416,1
DA:417,1
DA:418,1
DA:421,1
DA:422,1
DA:423,1
DA:424,1
DA:430,1
FN:430,BeefySonic.completeSlashedValidatorWithdraw
FNDA:1,BeefySonic.completeSlashedValidatorWithdraw
DA:431,1
DA:432,1
DA:434,1
DA:435,1
DA:437,1
BRDA:437,18,0,1
DA:438,1
DA:439,1
DA:440,1
DA:441,1
DA:442,1
DA:443,1
DA:445,1
DA:447,1
DA:449,1
DA:459,29
FN:459,BeefySonic._processWithdraw
FNDA:29,BeefySonic._processWithdraw
DA:460,29
DA:462,29
BRDA:462,19,0,9
DA:465,20
DA:466,20
DA:468,20
BRDA:468,20,0,1
DA:471,19
DA:472,19
DA:474,19
DA:480,19
FN:480,BeefySonic._removeRequest
FNDA:19,BeefySonic._removeRequest
DA:481,19
DA:484,19
DA:487,19
DA:490,19
DA:491,19
DA:492,19
BRDA:492,22,0,19
DA:493,19
DA:494,19
DA:499,19
DA:502,19
BRDA:502,24,0,11
DA:503,11
DA:504,11
DA:508,8
DA:509,8
DA:516,20
FN:516,BeefySonic._withdrawFromSFC
FNDA:20,BeefySonic._withdrawFromSFC
DA:517,20
DA:518,20
DA:521,20
DA:524,20
DA:525,22
DA:526,22
DA:529,22
DA:530,22
DA:531,3
BRDA:531,25,0,3
BRDA:531,25,1,19
DA:533,3
DA:535,3
DA:536,3
BRDA:536,26,0,3
DA:537,3
DA:541,19
DA:546,22
DA:550,20
DA:556,22
FN:556,BeefySonic._removeRequestFromValidator
FNDA:22,BeefySonic._removeRequestFromValidator
DA:557,22
DA:558,22
DA:561,22
DA:562,22
DA:563,22
BRDA:563,27,0,22
DA:564,22
DA:565,22
DA:570,22
DA:573,22
BRDA:573,29,0,14
DA:574,14
DA:575,14
DA:579,8
DA:580,8
DA:590,20
FN:590,BeefySonic._withdraw
FNDA:20,BeefySonic._withdraw
DA:597,20
DA:599,20
DA:602,20
DA:604,20
DA:610,39
FN:610,BeefySonic._isValidatorOk
FNDA:39,BeefySonic._isValidatorOk
DA:611,39
DA:612,39
DA:613,39
DA:620,24
FN:620,BeefySonic.pendingRedeemRequest
FNDA:24,BeefySonic.pendingRedeemRequest
DA:621,24
DA:622,24
DA:625,24
DA:626,8
DA:633,24
FN:633,BeefySonic.claimableRedeemRequest
FNDA:24,BeefySonic.claimableRedeemRequest
DA:634,24
DA:635,24
DA:638,24
DA:639,8
DA:645,8
FN:645,BeefySonic.userPendingRedeemRequests
FNDA:8,BeefySonic.userPendingRedeemRequests
DA:646,8
DA:648,8
DA:650,8
DA:651,16
DA:657,26
FN:657,BeefySonic._findLargestValidatorToDeposit
FNDA:26,BeefySonic._findLargestValidatorToDeposit
DA:658,26
DA:659,26
DA:662,26
DA:664,26
DA:665,51
DA:666,51
DA:669,51
DA:672,51
DA:674,51
BRDA:674,32,0,41
DA:675,41
DA:681,15
FN:681,BeefySonic.harvest
FNDA:15,BeefySonic.harvest
DA:682,10
DA:685,10
BRDA:685,33,0,5
DA:688,5
DA:689,5
DA:690,5
DA:691,5
DA:694,5
BRDA:694,34,0,-
DA:697,5
DA:700,5
DA:703,5
DA:704,5
DA:705,5
DA:708,5
DA:711,5
DA:714,5
DA:717,5
DA:719,5
DA:724,5
FN:724,BeefySonic._claim
FNDA:5,BeefySonic._claim
DA:725,5
DA:726,5
DA:727,9
DA:728,8
BRDA:728,35,0,8
DA:730,8
DA:731,8
BRDA:731,36,0,8
DA:734,8
BRDA:734,37,0,2
DA:741,5
FN:741,BeefySonic._chargeFees
FNDA:5,BeefySonic._chargeFees
DA:742,5
DA:743,5
DA:744,5
DA:745,5
BRDA:745,38,0,5
DA:747,5
DA:748,5
BRDA:748,39,0,5
DA:749,5
DA:750,5
BRDA:750,40,0,5
DA:751,5
BRDA:751,41,0,5
DA:754,5
DA:760,43
FN:760,BeefySonic._getValidatorIndex
FNDA:43,BeefySonic._getValidatorIndex
DA:761,43
DA:762,43
DA:763,65
DA:765,0
DA:772,8
FN:772,BeefySonic.isOperator
FNDA:8,BeefySonic.isOperator
DA:773,8
DA:774,8
DA:779,1
FN:779,BeefySonic.lockedProfit
FNDA:1,BeefySonic.lockedProfit
DA:780,97
DA:781,97
DA:782,97
DA:783,97
DA:784,97
DA:789,6
FN:789,BeefySonic.validatorsLength
FNDA:6,BeefySonic.validatorsLength
DA:790,6
DA:796,4
FN:796,BeefySonic.getRate
FNDA:4,BeefySonic.getRate
DA:797,4
DA:802,1
FN:802,BeefySonic.getPricePerFullShare
FNDA:1,BeefySonic.getPricePerFullShare
DA:803,1
DA:808,5
FN:808,BeefySonic.decimals
FNDA:5,BeefySonic.decimals
DA:809,5
DA:813,1
FN:813,BeefySonic.liquidityFeeRecipient
FNDA:1,BeefySonic.liquidityFeeRecipient
DA:814,1
DA:819,9
FN:819,BeefySonic.totalAssets
FNDA:9,BeefySonic.totalAssets
DA:820,91
DA:825,1
FN:825,BeefySonic.minHarvest
FNDA:1,BeefySonic.minHarvest
DA:826,1
DA:831,1
FN:831,BeefySonic.lockDuration
FNDA:1,BeefySonic.lockDuration
DA:832,1
DA:837,1
FN:837,BeefySonic.liquidityFee
FNDA:1,BeefySonic.liquidityFee
DA:838,1
DA:844,6
FN:844,BeefySonic.validatorByIndex
FNDA:6,BeefySonic.validatorByIndex
DA:845,6
DA:849,1
FN:849,BeefySonic.previewWithdraw
FNDA:1,BeefySonic.previewWithdraw
DA:850,1
DA:854,1
FN:854,BeefySonic.previewRedeem
FNDA:1,BeefySonic.previewRedeem
DA:855,1
DA:859,1
FN:859,BeefySonic.maxDeposit
FNDA:1,BeefySonic.maxDeposit
DA:860,17
DA:864,1
FN:864,BeefySonic.maxMint
FNDA:1,BeefySonic.maxMint
DA:865,9
DA:870,5
FN:870,BeefySonic.want
FNDA:5,BeefySonic.want
DA:871,5
DA:876,1
FN:876,BeefySonic.beefyFeeRecipient
FNDA:1,BeefySonic.beefyFeeRecipient
DA:877,1
DA:882,1
FN:882,BeefySonic.beefyFeeConfig
FNDA:1,BeefySonic.beefyFeeConfig
DA:883,1
DA:888,2
FN:888,BeefySonic.keeper
FNDA:2,BeefySonic.keeper
DA:889,2
DA:894,5
FN:894,BeefySonic.withdrawDuration
FNDA:5,BeefySonic.withdrawDuration
DA:895,24
DA:900,14
FN:900,BeefySonic.addValidator
FNDA:14,BeefySonic.addValidator
DA:901,14
DA:904,14
DA:905,10
BRDA:905,44,0,5
DA:908,9
BRDA:908,45,0,1
DA:910,8
DA:922,8
DA:923,8
DA:925,8
DA:931,11
FN:931,BeefySonic.setValidatorActive
FNDA:11,BeefySonic.setValidatorActive
DA:932,11
DA:935,1
FN:935,BeefySonic.setValidatorClaim
FNDA:1,BeefySonic.setValidatorClaim
DA:936,1
DA:937,1
DA:938,1
DA:944,15
FN:944,BeefySonic._setValidatorActive
FNDA:15,BeefySonic._setValidatorActive
DA:945,15
DA:947,15
BRDA:947,46,0,1
DA:949,14
DA:951,14
DA:952,14
DA:953,5
BRDA:953,47,0,5
DA:955,14
DA:961,8
FN:961,BeefySonic.setOperator
FNDA:8,BeefySonic.setOperator
DA:962,8
DA:963,8
DA:964,8
DA:965,8
DA:970,1
FN:970,BeefySonic.setBeefyFeeRecipient
FNDA:1,BeefySonic.setBeefyFeeRecipient
DA:971,1
DA:972,1
DA:973,1
DA:978,1
FN:978,BeefySonic.setBeefyFeeConfig
FNDA:1,BeefySonic.setBeefyFeeConfig
DA:979,1
DA:980,1
DA:981,1
DA:986,1
FN:986,BeefySonic.setLiquidityFeeRecipient
FNDA:1,BeefySonic.setLiquidityFeeRecipient
DA:987,1
DA:988,1
DA:989,1
DA:994,2
FN:994,BeefySonic.setLiquidityFee
FNDA:2,BeefySonic.setLiquidityFee
DA:995,2
DA:996,2
DA:997,2
BRDA:997,48,0,1
DA:998,1
DA:1003,2
FN:1003,BeefySonic.setKeeper
FNDA:2,BeefySonic.setKeeper
DA:1004,2
DA:1005,2
DA:1006,2
DA:1011,1
FN:1011,BeefySonic.setLockDuration
FNDA:1,BeefySonic.setLockDuration
DA:1012,1
DA:1013,1
DA:1014,1
DA:1017,1
FN:1017,BeefySonic.setMinHarvest
FNDA:1,BeefySonic.setMinHarvest
DA:1018,1
DA:1019,1
DA:1020,1
DA:1024,10
FN:1024,BeefySonic.pause
FNDA:10,BeefySonic.pause
DA:1025,10
DA:1026,10
BRDA:1026,49,0,5
DA:1027,5
DA:1031,5
FN:1031,BeefySonic.unpause
FNDA:5,BeefySonic.unpause
DA:1032,5
DA:1037,1
FN:1037,BeefySonic._authorizeUpgrade
FNDA:1,BeefySonic._authorizeUpgrade
DA:1041,5
FN:1041,BeefySonic.share
FNDA:5,BeefySonic.share
DA:1042,5
DA:1049,3
FN:1049,BeefySonic.supportsInterface
FNDA:3,BeefySonic.supportsInterface
DA:1050,3
DA:1051,0
DA:1056,47
FN:1056,BeefySonic.receive
FNDA:47,BeefySonic.receive
DA:1057,47
DA:1058,47
BRDA:1058,51,0,-
FNF:69
FNH:69
LF:427
LH:423
BRF:42
BRH:35
end_of_record
TN:
SF:contracts/BeefySonicStorageUtils.sol
DA:15,843
FN:15,BeefySonicStorageUtils.getBeefySonicStorage
FNDA:843,BeefySonicStorageUtils.getBeefySonicStorage
DA:17,843
FNF:1
FNH:1
LF:2
LH:2
BRF:0
BRH:0
end_of_record
TN:
SF:node_modules/@openzeppelin/contracts/proxy/ERC1967/ERC1967Proxy.sol
DA:26,5
FN:26,ERC1967Proxy.constructor
FNDA:5,ERC1967Proxy.constructor
DA:27,5
DA:37,383
FN:37,ERC1967Proxy._implementation
FNDA:383,ERC1967Proxy._implementation
DA:38,383
FNF:2
FNH:2
LF:4
LH:4
BRF:0
BRH:0
end_of_record
TN:
SF:node_modules/@openzeppelin/contracts/proxy/ERC1967/ERC1967Utils.sol
DA:46,384
FN:46,ERC1967Utils.getImplementation
FNDA:384,ERC1967Utils.getImplementation
DA:47,384
DA:53,6
FN:53,ERC1967Utils._setImplementation
FNDA:6,ERC1967Utils._setImplementation
DA:54,6
BRDA:54,0,0,-
DA:55,0
DA:57,6
DA:67,6
FN:67,ERC1967Utils.upgradeToAndCall
FNDA:6,ERC1967Utils.upgradeToAndCall
DA:68,6
DA:69,6
DA:71,6
BRDA:71,1,0,-
BRDA:71,1,1,6
DA:72,0
DA:74,6
DA:92,0
FN:92,ERC1967Utils.getAdmin
FNDA:0,ERC1967Utils.getAdmin
DA:93,0
DA:99,0
FN:99,ERC1967Utils._setAdmin
FNDA:0,ERC1967Utils._setAdmin
DA:100,0
BRDA:100,2,0,-
DA:101,0
DA:103,0
DA:111,0
FN:111,ERC1967Utils.changeAdmin
FNDA:0,ERC1967Utils.changeAdmin
DA:112,0
DA:113,0
DA:126,0
FN:126,ERC1967Utils.getBeacon
FNDA:0,ERC1967Utils.getBeacon
DA:127,0
DA:133,0
FN:133,ERC1967Utils._setBeacon
FNDA:0,ERC1967Utils._setBeacon
DA:134,0
BRDA:134,3,0,-
DA:135,0
DA:138,0
DA:140,0
DA:141,0
BRDA:141,4,0,-
DA:142,0
DA:157,0
FN:157,ERC1967Utils.upgradeBeaconToAndCall
FNDA:0,ERC1967Utils.upgradeBeaconToAndCall
DA:158,0
DA:159,0
DA:161,0
BRDA:161,5,0,-
BRDA:161,5,1,-
DA:162,0
DA:164,0
DA:172,6
FN:172,ERC1967Utils._checkNonPayable
FNDA:6,ERC1967Utils._checkNonPayable
DA:173,6
BRDA:173,6,0,-
DA:174,0
FNF:10
FNH:4
LF:39
LH:12
BRF:9
BRH:1
end_of_record
TN:
SF:node_modules/@openzeppelin/contracts/proxy/Proxy.sol
DA:22,383
FN:22,Proxy._delegate
FNDA:383,Proxy._delegate
DA:27,383
DA:31,383
DA:34,383
DA:38,383
DA:39,56
DA:41,327
DA:42,327
DA:58,383
FN:58,Proxy._fallback
FNDA:383,Proxy._fallback
DA:59,383
DA:66,383
FN:66,Proxy.fallback
FNDA:383,Proxy.fallback
DA:67,383
FNF:3
FNH:3
LF:12
LH:12
BRF:0
BRH:0
end_of_record
TN:
SF:node_modules/@openzeppelin/contracts/token/ERC20/utils/SafeERC20.sol
DA:33,30
FN:33,SafeERC20.safeTransfer
FNDA:30,SafeERC20.safeTransfer
DA:34,30
DA:41,16
FN:41,SafeERC20.safeTransferFrom
FNDA:16,SafeERC20.safeTransferFrom
DA:42,16
DA:54,0
FN:54,SafeERC20.safeIncreaseAllowance
FNDA:0,SafeERC20.safeIncreaseAllowance
DA:55,0
DA:56,0
DA:68,0
FN:68,SafeERC20.safeDecreaseAllowance
FNDA:0,SafeERC20.safeDecreaseAllowance
DA:70,0
DA:71,0
BRDA:71,0,0,-
DA:72,0
DA:74,0
DA:87,0
FN:87,SafeERC20.forceApprove
FNDA:0,SafeERC20.forceApprove
DA:88,0
DA:90,0
BRDA:90,1,0,-
DA:91,0
DA:92,0
DA:103,0
FN:103,SafeERC20.transferAndCallRelaxed
FNDA:0,SafeERC20.transferAndCallRelaxed
DA:104,0
BRDA:104,2,0,-
BRDA:104,2,1,-
DA:105,0
DA:106,0
BRDA:106,3,0,-
DA:107,0
DA:118,0
FN:118,SafeERC20.transferFromAndCallRelaxed
FNDA:0,SafeERC20.transferFromAndCallRelaxed
DA:125,0
BRDA:125,4,0,-
BRDA:125,4,1,-
DA:126,0
DA:127,0
BRDA:127,5,0,-
DA:128,0
DA:143,0
FN:143,SafeERC20.approveAndCallRelaxed
FNDA:0,SafeERC20.approveAndCallRelaxed
DA:144,0
BRDA:144,6,0,-
BRDA:144,6,1,-
DA:145,0
DA:146,0
BRDA:146,7,0,-
DA:147,0
DA:159,46
FN:159,SafeERC20._callOptionalReturn
FNDA:46,SafeERC20._callOptionalReturn
DA:160,46
DA:161,46
DA:163,46
DA:165,46
BRDA:165,8,0,-
DA:166,0
DA:167,0
DA:168,0
DA:170,46
DA:171,46
DA:174,46
BRDA:174,9,0,-
DA:175,0
DA:187,0
FN:187,SafeERC20._callOptionalReturnBool
FNDA:0,SafeERC20._callOptionalReturnBool
DA:188,0
DA:189,0
DA:190,0
DA:192,0
DA:193,0
DA:194,0
DA:196,0
FNF:10
FNH:3
LF:52
LH:12
BRF:13
BRH:0
end_of_record
TN:
SF:node_modules/@openzeppelin/contracts/utils/Address.sol
DA:33,0
FN:33,Address.sendValue
FNDA:0,Address.sendValue
DA:34,0
BRDA:34,0,0,-
DA:35,0
DA:38,0
DA:39,0
BRDA:39,1,0,-
DA:40,0
DA:62,0
FN:62,Address.functionCall
FNDA:0,Address.functionCall
DA:63,0
DA:75,0
FN:75,Address.functionCallWithValue
FNDA:0,Address.functionCallWithValue
DA:76,0
BRDA:76,2,0,-
DA:77,0
DA:79,0
DA:80,0
DA:87,0
FN:87,Address.functionStaticCall
FNDA:0,Address.functionStaticCall
DA:88,0
DA:89,0
DA:96,0
FN:96,Address.functionDelegateCall
FNDA:0,Address.functionDelegateCall
DA:97,0
DA:98,0
DA:106,0
FN:106,Address.verifyCallResultFromTarget
FNDA:0,Address.verifyCallResultFromTarget
DA:111,0
BRDA:111,3,0,-
BRDA:111,3,1,-
DA:112,0
DA:116,0
BRDA:116,4,0,-
DA:117,0
DA:119,0
DA:127,0
FN:127,Address.verifyCallResult
FNDA:0,Address.verifyCallResult
DA:128,0
BRDA:128,5,0,-
BRDA:128,5,1,-
DA:129,0
DA:131,0
DA:138,0
FN:138,Address._revert
FNDA:0,Address._revert
DA:140,0
BRDA:140,6,0,-
BRDA:140,6,1,-
DA:143,0
DA:144,0
DA:147,0
FNF:8
FNH:0
LF:34
LH:0
BRF:10
BRH:0
end_of_record
TN:
SF:node_modules/@openzeppelin/contracts/utils/Panic.sol
DA:50,0
FN:50,Panic.panic
FNDA:0,Panic.panic
DA:52,0
DA:53,0
DA:54,0
FNF:1
FNH:0
LF:4
LH:0
BRF:0
BRH:0
end_of_record
TN:
SF:node_modules/@openzeppelin/contracts/utils/StorageSlot.sol
DA:66,390
FN:66,StorageSlot.getAddressSlot
FNDA:390,StorageSlot.getAddressSlot
DA:68,390
DA:75,0
FN:75,StorageSlot.getBooleanSlot
FNDA:0,StorageSlot.getBooleanSlot
DA:77,0
DA:84,0
FN:84,StorageSlot.getBytes32Slot
FNDA:0,StorageSlot.getBytes32Slot
DA:86,0
DA:93,0
FN:93,StorageSlot.getUint256Slot
FNDA:0,StorageSlot.getUint256Slot
DA:95,0
DA:102,0
FN:102,StorageSlot.getInt256Slot
FNDA:0,StorageSlot.getInt256Slot
DA:104,0
DA:111,0
FN:111,StorageSlot.getStringSlot
FNDA:0,StorageSlot.getStringSlot
DA:113,0
DA:120,0
FN:120,StorageSlot.getStringSlot
FNDA:0,StorageSlot.getStringSlot
DA:122,0
DA:129,0
FN:129,StorageSlot.getBytesSlot
FNDA:0,StorageSlot.getBytesSlot
DA:131,0
DA:138,0
FN:138,StorageSlot.getBytesSlot
FNDA:0,StorageSlot.getBytesSlot
DA:140,0
FNF:9
FNH:1
LF:18
LH:2
BRF:0
BRH:0
end_of_record
TN:
SF:node_modules/@openzeppelin/contracts/utils/Strings.sol
DA:37,0
FN:37,Strings.toString
FNDA:0,Strings.toString
DA:39,0
DA:40,0
DA:41,0
DA:43,0
DA:46,0
DA:48,0
DA:50,0
DA:51,0
DA:53,0
DA:60,0
FN:60,Strings.toStringSigned
FNDA:0,Strings.toStringSigned
DA:61,0
DA:67,0
FN:67,Strings.toHexString
FNDA:0,Strings.toHexString
DA:69,0
DA:76,0
FN:76,Strings.toHexString
FNDA:0,Strings.toHexString
DA:77,0
DA:78,0
DA:79,0
DA:80,0
DA:81,0
DA:82,0
DA:83,0
DA:85,0
BRDA:85,1,0,-
DA:86,0
DA:88,0
DA:95,0
FN:95,Strings.toHexString
FNDA:0,Strings.toHexString
DA:96,0
DA:103,0
FN:103,Strings.toChecksumHexString
FNDA:0,Strings.toChecksumHexString
DA:104,0
DA:107,0
DA:109,0
DA:112,0
DA:114,0
BRDA:114,2,0,-
DA:116,0
DA:118,0
DA:120,0
DA:126,0
FN:126,Strings.equal
FNDA:0,Strings.equal
DA:127,0
DA:137,0
FN:137,Strings.parseUint
FNDA:0,Strings.parseUint
DA:138,0
DA:149,0
FN:149,Strings.parseUint
FNDA:0,Strings.parseUint
DA:150,0
DA:151,0
BRDA:151,3,0,-
DA:152,0
DA:160,0
FN:160,Strings.tryParseUint
FNDA:0,Strings.tryParseUint
DA:161,0
DA:170,0
FN:170,Strings.tryParseUint
FNDA:0,Strings.tryParseUint
DA:175,0
DA:176,0
DA:183,0
FN:183,Strings._tryParseUintUncheckedBounds
FNDA:0,Strings._tryParseUintUncheckedBounds
DA:188,0
DA:190,0
DA:191,0
DA:192,0
DA:193,0
DA:194,0
DA:195,0
DA:197,0
DA:207,0
FN:207,Strings.parseInt
FNDA:0,Strings.parseInt
DA:208,0
DA:219,0
FN:219,Strings.parseInt
FNDA:0,Strings.parseInt
DA:220,0
DA:221,0
BRDA:221,6,0,-
DA:222,0
DA:231,0
FN:231,Strings.tryParseInt
FNDA:0,Strings.tryParseInt
DA:232,0
DA:243,0
FN:243,Strings.tryParseInt
FNDA:0,Strings.tryParseInt
DA:248,0
DA:249,0
DA:256,0
FN:256,Strings._tryParseIntUncheckedBounds
FNDA:0,Strings._tryParseIntUncheckedBounds
DA:261,0
DA:264,0
DA:265,0
DA:266,0
DA:267,0
DA:269,0
DA:271,0
BRDA:271,8,0,-
BRDA:271,8,1,-
DA:272,0
DA:273,0
BRDA:273,9,0,-
BRDA:273,9,1,-
DA:274,0
DA:275,0
DA:285,0
FN:285,Strings.parseHexUint
FNDA:0,Strings.parseHexUint
DA:286,0
DA:297,0
FN:297,Strings.parseHexUint
FNDA:0,Strings.parseHexUint
DA:298,0
DA:299,0
BRDA:299,10,0,-
DA:300,0
DA:308,0
FN:308,Strings.tryParseHexUint
FNDA:0,Strings.tryParseHexUint
DA:309,0
DA:318,0
FN:318,Strings.tryParseHexUint
FNDA:0,Strings.tryParseHexUint
DA:323,0
DA:324,0
DA:331,0
FN:331,Strings._tryParseHexUintUncheckedBounds
FNDA:0,Strings._tryParseHexUintUncheckedBounds
DA:336,0
DA:339,0
DA:340,0
DA:342,0
DA:343,0
DA:344,0
DA:345,0
DA:346,0
DA:350,0
DA:353,0
DA:362,0
FN:362,Strings.parseAddress
FNDA:0,Strings.parseAddress
DA:363,0
DA:373,0
FN:373,Strings.parseAddress
FNDA:0,Strings.parseAddress
DA:374,0
DA:375,0
BRDA:375,13,0,-
DA:376,0
DA:383,0
FN:383,Strings.tryParseAddress
FNDA:0,Strings.tryParseAddress
DA:384,0
DA:391,0
FN:391,Strings.tryParseAddress
FNDA:0,Strings.tryParseAddress
DA:396,0
DA:398,0
DA:399,0
DA:402,0
BRDA:402,15,0,-
BRDA:402,15,1,-
DA:404,0
DA:405,0
DA:407,0
DA:411,0
FN:411,Strings._tryParseChr
FNDA:0,Strings._tryParseChr
DA:412,0
DA:420,0
BRDA:420,16,0,-
BRDA:420,16,1,-
DA:421,0
BRDA:421,17,0,-
BRDA:421,17,1,-
DA:422,0
BRDA:422,18,0,-
BRDA:422,18,1,-
DA:423,0
DA:426,0
DA:435,0
FN:435,Strings._unsafeReadBytesOffset
FNDA:0,Strings._unsafeReadBytesOffset
DA:438,0
FNF:28
FNH:0
LF:128
LH:0
BRF:18
BRH:0
end_of_record
TN:
SF:node_modules/@openzeppelin/contracts/utils/cryptography/ECDSA.sol
DA:56,0
FN:56,ECDSA.tryRecover
FNDA:0,ECDSA.tryRecover
DA:60,0
BRDA:60,0,0,-
BRDA:60,0,1,-
DA:61,0
DA:62,0
DA:63,0
DA:67,0
DA:68,0
DA:69,0
DA:71,0
DA:73,0
DA:91,0
FN:91,ECDSA.recover
FNDA:0,ECDSA.recover
DA:92,0
DA:93,0
DA:94,0
DA:102,0
FN:102,ECDSA.tryRecover
FNDA:0,ECDSA.tryRecover
DA:108,0
DA:110,0
DA:111,0
DA:118,0
FN:118,ECDSA.recover
FNDA:0,ECDSA.recover
DA:119,0
DA:120,0
DA:121,0
DA:128,0
FN:128,ECDSA.tryRecover
FNDA:0,ECDSA.tryRecover
DA:143,0
BRDA:143,1,0,-
DA:144,0
DA:148,0
DA:149,0
BRDA:149,2,0,-
DA:150,0
DA:153,0
DA:160,0
FN:160,ECDSA.recover
FNDA:0,ECDSA.recover
DA:161,0
DA:162,0
DA:163,0
DA:169,0
FN:169,ECDSA._throwError
FNDA:0,ECDSA._throwError
DA:170,0
BRDA:170,3,0,-
BRDA:170,3,1,-
DA:171,0
DA:172,0
BRDA:172,4,0,-
BRDA:172,4,1,-
DA:173,0
DA:174,0
BRDA:174,5,0,-
BRDA:174,5,1,-
DA:175,0
DA:176,0
BRDA:176,6,0,-
DA:177,0
FNF:7
FNH:0
LF:42
LH:0
BRF:11
BRH:0
end_of_record
TN:
SF:node_modules/@openzeppelin/contracts/utils/cryptography/MessageHashUtils.sol
DA:30,0
FN:30,MessageHashUtils.toEthSignedMessageHash
FNDA:0,MessageHashUtils.toEthSignedMessageHash
DA:32,0
DA:33,0
DA:34,0
DA:48,0
FN:48,MessageHashUtils.toEthSignedMessageHash
FNDA:0,MessageHashUtils.toEthSignedMessageHash
DA:49,0
DA:50,0
DA:62,0
FN:62,MessageHashUtils.toDataWithIntendedValidatorHash
FNDA:0,MessageHashUtils.toDataWithIntendedValidatorHash
DA:63,0
DA:75,0
FN:75,MessageHashUtils.toTypedDataHash
FNDA:0,MessageHashUtils.toTypedDataHash
DA:77,0
DA:78,0
DA:79,0
DA:80,0
DA:81,0
FNF:4
FNH:0
LF:15
LH:0
BRF:0
BRH:0
end_of_record
TN:
SF:node_modules/@openzeppelin/contracts/utils/math/Math.sol
DA:23,0
FN:23,Math.tryAdd
FNDA:0,Math.tryAdd
DA:25,0
DA:26,0
DA:27,0
DA:34,0
FN:34,Math.trySub
FNDA:0,Math.trySub
DA:36,0
DA:37,0
DA:44,0
FN:44,Math.tryMul
FNDA:0,Math.tryMul
DA:49,0
DA:50,0
DA:51,0
DA:52,0
DA:59,0
FN:59,Math.tryDiv
FNDA:0,Math.tryDiv
DA:61,0
DA:62,0
DA:69,0
FN:69,Math.tryMod
FNDA:0,Math.tryMod
DA:71,0
DA:72,0
DA:83,0
FN:83,Math.ternary
FNDA:0,Math.ternary
DA:88,0
DA:95,0
FN:95,Math.max
FNDA:0,Math.max
DA:96,0
DA:102,0
FN:102,Math.min
FNDA:0,Math.min
DA:103,0
DA:110,0
FN:110,Math.average
FNDA:0,Math.average
DA:112,0
DA:121,0
FN:121,Math.ceilDiv
FNDA:0,Math.ceilDiv
DA:122,0
BRDA:122,6,0,-
DA:124,0
DA:133,0
DA:144,82
FN:144,Math.mulDiv
FNDA:82,Math.mulDiv
DA:149,82
DA:150,82
DA:152,82
DA:153,82
DA:157,82
BRDA:157,7,0,82
DA:161,82
DA:165,0
BRDA:165,8,0,-
DA:166,0
DA:174,0
DA:177,0
DA:180,0
DA:181,0
DA:187,0
DA:190,0
DA:193,0
DA:196,0
DA:200,0
DA:205,0
DA:209,0
DA:210,0
DA:211,0
DA:212,0
DA:213,0
DA:214,0
DA:220,0
DA:221,0
DA:228,82
FN:228,Math.mulDiv
FNDA:82,Math.mulDiv
DA:229,82
DA:243,0
FN:243,Math.invMod
FNDA:0,Math.invMod
DA:245,0
DA:255,0
DA:256,0
DA:261,0
DA:262,0
DA:264,0
DA:265,0
DA:267,0
DA:276,0
DA:286,0
DA:287,0
DA:300,0
FN:300,Math.invModPrime
FNDA:0,Math.invModPrime
DA:302,0
DA:319,0
FN:319,Math.modExp
FNDA:0,Math.modExp
DA:320,0
DA:321,0
BRDA:321,11,0,-
DA:322,0
DA:324,0
DA:337,0
FN:337,Math.tryModExp
FNDA:0,Math.tryModExp
DA:338,0
DA:340,0
DA:349,0
DA:350,0
DA:351,0
DA:352,0
DA:353,0
DA:354,0
DA:358,0
DA:359,0
DA:366,0
FN:366,Math.modExp
FNDA:0,Math.modExp
DA:367,0
DA:368,0
BRDA:368,13,0,-
DA:369,0
DA:371,0
DA:377,0
FN:377,Math.tryModExp
FNDA:0,Math.tryModExp
DA:382,0
DA:384,0
DA:387,0
DA:390,0
DA:392,0
DA:395,0
DA:397,0
DA:404,0
FN:404,Math._zeroBytes
FNDA:0,Math._zeroBytes
DA:405,0
DA:406,0
BRDA:406,15,0,-
DA:407,0
DA:410,0
DA:420,0
FN:420,Math.sqrt
FNDA:0,Math.sqrt
DA:423,0
BRDA:423,16,0,-
DA:424,0
DA:439,0
DA:440,0
DA:442,0
BRDA:442,17,0,-
DA:443,0
DA:444,0
DA:446,0
BRDA:446,18,0,-
DA:447,0
DA:448,0
DA:450,0
BRDA:450,19,0,-
DA:451,0
DA:452,0
DA:454,0
BRDA:454,20,0,-
DA:455,0
DA:456,0
DA:458,0
BRDA:458,21,0,-
DA:459,0
DA:460,0
DA:462,0
BRDA:462,22,0,-
DA:463,0
DA:464,0
DA:466,0
BRDA:466,23,0,-
DA:467,0
DA:475,0
DA:512,0
DA:513,0
DA:514,0
DA:515,0
DA:516,0
DA:517,0
DA:522,0
DA:529,0
FN:529,Math.sqrt
FNDA:0,Math.sqrt
DA:531,0
DA:532,0
DA:540,0
FN:540,Math.log2
FNDA:0,Math.log2
DA:541,0
DA:542,0
DA:544,0
DA:545,0
DA:546,0
DA:548,0
DA:549,0
DA:550,0
DA:552,0
DA:553,0
DA:554,0
DA:556,0
DA:557,0
DA:558,0
DA:560,0
DA:561,0
DA:562,0
DA:564,0
DA:565,0
DA:566,0
DA:568,0
DA:569,0
DA:570,0
DA:572,0
DA:574,0
DA:581,0
FN:581,Math.log2
FNDA:0,Math.log2
DA:583,0
DA:584,0
DA:592,0
FN:592,Math.log10
FNDA:0,Math.log10
DA:593,0
DA:595,0
BRDA:595,24,0,-
DA:596,0
DA:597,0
DA:599,0
BRDA:599,25,0,-
DA:600,0
DA:601,0
DA:603,0
BRDA:603,26,0,-
DA:604,0
DA:605,0
DA:607,0
BRDA:607,27,0,-
DA:608,0
DA:609,0
DA:611,0
BRDA:611,28,0,-
DA:612,0
DA:613,0
DA:615,0
BRDA:615,29,0,-
DA:616,0
DA:617,0
DA:619,0
BRDA:619,30,0,-
DA:620,0
DA:623,0
DA:630,0
FN:630,Math.log10
FNDA:0,Math.log10
DA:632,0
DA:633,0
DA:643,0
FN:643,Math.log256
FNDA:0,Math.log256
DA:644,0
DA:645,0
DA:647,0
DA:648,0
DA:649,0
DA:651,0
DA:652,0
DA:653,0
DA:655,0
DA:656,0
DA:657,0
DA:659,0
DA:660,0
DA:661,0
DA:663,0
DA:665,0
DA:672,0
FN:672,Math.log256
FNDA:0,Math.log256
DA:674,0
DA:675,0
DA:682,82
FN:682,Math.unsignedRoundsUp
FNDA:82,Math.unsignedRoundsUp
DA:683,82
FNF:28
FNH:3
LF:220
LH:11
BRF:21
BRH:1
end_of_record
TN:
SF:node_modules/@openzeppelin/contracts/utils/math/SafeCast.sol
DA:50,0
FN:50,SafeCast.toUint248
FNDA:0,SafeCast.toUint248
DA:51,0
BRDA:51,0,0,-
DA:52,0
DA:54,0
DA:67,0
FN:67,SafeCast.toUint240
FNDA:0,SafeCast.toUint240
DA:68,0
BRDA:68,1,0,-
DA:69,0
DA:71,0
DA:84,0
FN:84,SafeCast.toUint232
FNDA:0,SafeCast.toUint232
DA:85,0
BRDA:85,2,0,-
DA:86,0
DA:88,0
DA:101,0
FN:101,SafeCast.toUint224
FNDA:0,SafeCast.toUint224
DA:102,0
BRDA:102,3,0,-
DA:103,0
DA:105,0
DA:118,0
FN:118,SafeCast.toUint216
FNDA:0,SafeCast.toUint216
DA:119,0
BRDA:119,4,0,-
DA:120,0
DA:122,0
DA:135,0
FN:135,SafeCast.toUint208
FNDA:0,SafeCast.toUint208
DA:136,0
BRDA:136,5,0,-
DA:137,0
DA:139,0
DA:152,0
FN:152,SafeCast.toUint200
FNDA:0,SafeCast.toUint200
DA:153,0
BRDA:153,6,0,-
DA:154,0
DA:156,0
DA:169,0
FN:169,SafeCast.toUint192
FNDA:0,SafeCast.toUint192
DA:170,0
BRDA:170,7,0,-
DA:171,0
DA:173,0
DA:186,0
FN:186,SafeCast.toUint184
FNDA:0,SafeCast.toUint184
DA:187,0
BRDA:187,8,0,-
DA:188,0
DA:190,0
DA:203,0
FN:203,SafeCast.toUint176
FNDA:0,SafeCast.toUint176
DA:204,0
BRDA:204,9,0,-
DA:205,0
DA:207,0
DA:220,0
FN:220,SafeCast.toUint168
FNDA:0,SafeCast.toUint168
DA:221,0
BRDA:221,10,0,-
DA:222,0
DA:224,0
DA:237,0
FN:237,SafeCast.toUint160
FNDA:0,SafeCast.toUint160
DA:238,0
BRDA:238,11,0,-
DA:239,0
DA:241,0
DA:254,0
FN:254,SafeCast.toUint152
FNDA:0,SafeCast.toUint152
DA:255,0
BRDA:255,12,0,-
DA:256,0
DA:258,0
DA:271,0
FN:271,SafeCast.toUint144
FNDA:0,SafeCast.toUint144
DA:272,0
BRDA:272,13,0,-
DA:273,0
DA:275,0
DA:288,0
FN:288,SafeCast.toUint136
FNDA:0,SafeCast.toUint136
DA:289,0
BRDA:289,14,0,-
DA:290,0
DA:292,0
DA:305,0
FN:305,SafeCast.toUint128
FNDA:0,SafeCast.toUint128
DA:306,0
BRDA:306,15,0,-
DA:307,0
DA:309,0
DA:322,0
FN:322,SafeCast.toUint120
FNDA:0,SafeCast.toUint120
DA:323,0
BRDA:323,16,0,-
DA:324,0
DA:326,0
DA:339,0
FN:339,SafeCast.toUint112
FNDA:0,SafeCast.toUint112
DA:340,0
BRDA:340,17,0,-
DA:341,0
DA:343,0
DA:356,0
FN:356,SafeCast.toUint104
FNDA:0,SafeCast.toUint104
DA:357,0
BRDA:357,18,0,-
DA:358,0
DA:360,0
DA:373,0
FN:373,SafeCast.toUint96
FNDA:0,SafeCast.toUint96
DA:374,0
BRDA:374,19,0,-
DA:375,0
DA:377,0
DA:390,0
FN:390,SafeCast.toUint88
FNDA:0,SafeCast.toUint88
DA:391,0
BRDA:391,20,0,-
DA:392,0
DA:394,0
DA:407,0
FN:407,SafeCast.toUint80
FNDA:0,SafeCast.toUint80
DA:408,0
BRDA:408,21,0,-
DA:409,0
DA:411,0
DA:424,0
FN:424,SafeCast.toUint72
FNDA:0,SafeCast.toUint72
DA:425,0
BRDA:425,22,0,-
DA:426,0
DA:428,0
DA:441,0
FN:441,SafeCast.toUint64
FNDA:0,SafeCast.toUint64
DA:442,0
BRDA:442,23,0,-
DA:443,0
DA:445,0
DA:458,0
FN:458,SafeCast.toUint56
FNDA:0,SafeCast.toUint56
DA:459,0
BRDA:459,24,0,-
DA:460,0
DA:462,0
DA:475,0
FN:475,SafeCast.toUint48
FNDA:0,SafeCast.toUint48
DA:476,0
BRDA:476,25,0,-
DA:477,0
DA:479,0
DA:492,0
FN:492,SafeCast.toUint40
FNDA:0,SafeCast.toUint40
DA:493,0
BRDA:493,26,0,-
DA:494,0
DA:496,0
DA:509,0
FN:509,SafeCast.toUint32
FNDA:0,SafeCast.toUint32
DA:510,0
BRDA:510,27,0,-
DA:511,0
DA:513,0
DA:526,0
FN:526,SafeCast.toUint24
FNDA:0,SafeCast.toUint24
DA:527,0
BRDA:527,28,0,-
DA:528,0
DA:530,0
DA:543,0
FN:543,SafeCast.toUint16
FNDA:0,SafeCast.toUint16
DA:544,0
BRDA:544,29,0,-
DA:545,0
DA:547,0
DA:560,0
FN:560,SafeCast.toUint8
FNDA:0,SafeCast.toUint8
DA:561,0
BRDA:561,30,0,-
DA:562,0
DA:564,0
DA:574,0
FN:574,SafeCast.toUint256
FNDA:0,SafeCast.toUint256
DA:575,0
BRDA:575,31,0,-
DA:576,0
DA:578,0
DA:592,0
FN:592,SafeCast.toInt248
FNDA:0,SafeCast.toInt248
DA:593,0
DA:594,0
BRDA:594,32,0,-
DA:595,0
DA:610,0
FN:610,SafeCast.toInt240
FNDA:0,SafeCast.toInt240
DA:611,0
DA:612,0
BRDA:612,33,0,-
DA:613,0
DA:628,0
FN:628,SafeCast.toInt232
FNDA:0,SafeCast.toInt232
DA:629,0
DA:630,0
BRDA:630,34,0,-
DA:631,0
DA:646,0
FN:646,SafeCast.toInt224
FNDA:0,SafeCast.toInt224
DA:647,0
DA:648,0
BRDA:648,35,0,-
DA:649,0
DA:664,0
FN:664,SafeCast.toInt216
FNDA:0,SafeCast.toInt216
DA:665,0
DA:666,0
BRDA:666,36,0,-
DA:667,0
DA:682,0
FN:682,SafeCast.toInt208
FNDA:0,SafeCast.toInt208
DA:683,0
DA:684,0
BRDA:684,37,0,-
DA:685,0
DA:700,0
FN:700,SafeCast.toInt200
FNDA:0,SafeCast.toInt200
DA:701,0
DA:702,0
BRDA:702,38,0,-
DA:703,0
DA:718,0
FN:718,SafeCast.toInt192
FNDA:0,SafeCast.toInt192
DA:719,0
DA:720,0
BRDA:720,39,0,-
DA:721,0
DA:736,0
FN:736,SafeCast.toInt184
FNDA:0,SafeCast.toInt184
DA:737,0
DA:738,0
BRDA:738,40,0,-
DA:739,0
DA:754,0
FN:754,SafeCast.toInt176
FNDA:0,SafeCast.toInt176
DA:755,0
DA:756,0
BRDA:756,41,0,-
DA:757,0
DA:772,0
FN:772,SafeCast.toInt168
FNDA:0,SafeCast.toInt168
DA:773,0
DA:774,0
BRDA:774,42,0,-
DA:775,0
DA:790,0
FN:790,SafeCast.toInt160
FNDA:0,SafeCast.toInt160
DA:791,0
DA:792,0
BRDA:792,43,0,-
DA:793,0
DA:808,0
FN:808,SafeCast.toInt152
FNDA:0,SafeCast.toInt152
DA:809,0
DA:810,0
BRDA:810,44,0,-
DA:811,0
DA:826,0
FN:826,SafeCast.toInt144
FNDA:0,SafeCast.toInt144
DA:827,0
DA:828,0
BRDA:828,45,0,-
DA:829,0
DA:844,0
FN:844,SafeCast.toInt136
FNDA:0,SafeCast.toInt136
DA:845,0
DA:846,0
BRDA:846,46,0,-
DA:847,0
DA:862,0
FN:862,SafeCast.toInt128
FNDA:0,SafeCast.toInt128
DA:863,0
DA:864,0
BRDA:864,47,0,-
DA:865,0
DA:880,0
FN:880,SafeCast.toInt120
FNDA:0,SafeCast.toInt120
DA:881,0
DA:882,0
BRDA:882,48,0,-
DA:883,0
DA:898,0
FN:898,SafeCast.toInt112
FNDA:0,SafeCast.toInt112
DA:899,0
DA:900,0
BRDA:900,49,0,-
DA:901,0
DA:916,0
FN:916,SafeCast.toInt104
FNDA:0,SafeCast.toInt104
DA:917,0
DA:918,0
BRDA:918,50,0,-
DA:919,0
DA:934,0
FN:934,SafeCast.toInt96
FNDA:0,SafeCast.toInt96
DA:935,0
DA:936,0
BRDA:936,51,0,-
DA:937,0
DA:952,0
FN:952,SafeCast.toInt88
FNDA:0,SafeCast.toInt88
DA:953,0
DA:954,0
BRDA:954,52,0,-
DA:955,0
DA:970,0
FN:970,SafeCast.toInt80
FNDA:0,SafeCast.toInt80
DA:971,0
DA:972,0
BRDA:972,53,0,-
DA:973,0
DA:988,0
FN:988,SafeCast.toInt72
FNDA:0,SafeCast.toInt72
DA:989,0
DA:990,0
BRDA:990,54,0,-
DA:991,0
DA:1006,0
FN:1006,SafeCast.toInt64
FNDA:0,SafeCast.toInt64
DA:1007,0
DA:1008,0
BRDA:1008,55,0,-
DA:1009,0
DA:1024,0
FN:1024,SafeCast.toInt56
FNDA:0,SafeCast.toInt56
DA:1025,0
DA:1026,0
BRDA:1026,56,0,-
DA:1027,0
DA:1042,0
FN:1042,SafeCast.toInt48
FNDA:0,SafeCast.toInt48
DA:1043,0
DA:1044,0
BRDA:1044,57,0,-
DA:1045,0
DA:1060,0
FN:1060,SafeCast.toInt40
FNDA:0,SafeCast.toInt40
DA:1061,0
DA:1062,0
BRDA:1062,58,0,-
DA:1063,0
DA:1078,0
FN:1078,SafeCast.toInt32
FNDA:0,SafeCast.toInt32
DA:1079,0
DA:1080,0
BRDA:1080,59,0,-
DA:1081,0
DA:1096,0
FN:1096,SafeCast.toInt24
FNDA:0,SafeCast.toInt24
DA:1097,0
DA:1098,0
BRDA:1098,60,0,-
DA:1099,0
DA:1114,0
FN:1114,SafeCast.toInt16
FNDA:0,SafeCast.toInt16
DA:1115,0
DA:1116,0
BRDA:1116,61,0,-
DA:1117,0
DA:1132,0
FN:1132,SafeCast.toInt8
FNDA:0,SafeCast.toInt8
DA:1133,0
DA:1134,0
BRDA:1134,62,0,-
DA:1135,0
DA:1146,0
FN:1146,SafeCast.toInt256
FNDA:0,SafeCast.toInt256
DA:1148,0
BRDA:1148,63,0,-
DA:1149,0
DA:1151,0
DA:1157,82
FN:1157,SafeCast.toUint
FNDA:82,SafeCast.toUint
DA:1159,82
FNF:65
FNH:1
LF:258
LH:2
BRF:64
BRH:0
end_of_record
TN:
SF:node_modules/@openzeppelin/contracts/utils/math/SignedMath.sol
DA:19,0
FN:19,SignedMath.ternary
FNDA:0,SignedMath.ternary
DA:24,0
DA:31,0
FN:31,SignedMath.max
FNDA:0,SignedMath.max
DA:32,0
DA:38,0
FN:38,SignedMath.min
FNDA:0,SignedMath.min
DA:39,0
DA:46,0
FN:46,SignedMath.average
FNDA:0,SignedMath.average
DA:48,0
DA:49,0
DA:55,0
FN:55,SignedMath.abs
FNDA:0,SignedMath.abs
DA:62,0
DA:65,0
FNF:5
FNH:0
LF:12
LH:0
BRF:0
BRH:0
end_of_record
TN:
SF:node_modules/@openzeppelin/contracts-upgradeable/access/OwnableUpgradeable.sol
DA:30,67
FN:30,OwnableUpgradeable._getOwnableStorage
FNDA:67,OwnableUpgradeable._getOwnableStorage
DA:32,67
DA:51,10
FN:51,OwnableUpgradeable.__Ownable_init
FNDA:10,OwnableUpgradeable.__Ownable_init
DA:52,10
DA:55,10
FN:55,OwnableUpgradeable.__Ownable_init_unchained
FNDA:10,OwnableUpgradeable.__Ownable_init_unchained
DA:56,10
BRDA:56,0,0,-
DA:57,0
DA:59,10
DA:65,1
FN:65,OwnableUpgradeable.onlyOwner
FNDA:1,OwnableUpgradeable.onlyOwner
DA:66,1
DA:73,9
FN:73,OwnableUpgradeable.owner
FNDA:9,OwnableUpgradeable.owner
DA:74,57
DA:75,57
DA:81,43
FN:81,OwnableUpgradeable._checkOwner
FNDA:43,OwnableUpgradeable._checkOwner
DA:82,43
BRDA:82,1,0,-
DA:83,0
DA:94,0
FN:94,OwnableUpgradeable.renounceOwnership
FNDA:0,OwnableUpgradeable.renounceOwnership
DA:95,0
DA:102,0
FN:102,OwnableUpgradeable.transferOwnership
FNDA:0,OwnableUpgradeable.transferOwnership
DA:103,0
BRDA:103,2,0,-
DA:104,0
DA:106,0
DA:113,10
FN:113,OwnableUpgradeable._transferOwnership
FNDA:10,OwnableUpgradeable._transferOwnership
DA:114,10
DA:115,10
DA:116,10
DA:117,10
FNF:9
FNH:7
LF:27
LH:19
BRF:3
BRH:0
end_of_record
TN:
SF:node_modules/@openzeppelin/contracts-upgradeable/proxy/utils/Initializable.sol
DA:104,10
FN:104,Initializable.initializer
FNDA:10,Initializable.initializer
DA:106,10
DA:109,10
DA:110,10
DA:117,10
DA:118,10
DA:120,10
BRDA:120,0,0,-
DA:121,0
DA:123,10
DA:124,10
BRDA:124,1,0,10
DA:125,10
DA:128,5
BRDA:128,2,0,5
DA:129,5
DA:130,5
DA:152,0
FN:152,Initializable.reinitializer
FNDA:0,Initializable.reinitializer
DA:154,0
DA:156,0
BRDA:156,3,0,-
DA:157,0
DA:159,0
DA:160,0
DA:162,0
DA:163,0
DA:170,10
FN:170,Initializable.onlyInitializing
FNDA:10,Initializable.onlyInitializing
DA:171,10
DA:178,110
FN:178,Initializable._checkInitializing
FNDA:110,Initializable._checkInitializing
DA:179,110
BRDA:179,4,0,-
DA:180,0
DA:192,6
FN:192,Initializable._disableInitializers
FNDA:6,Initializable._disableInitializers
DA:194,6
DA:196,0
BRDA:196,5,0,-
DA:197,0
DA:199,6
BRDA:199,6,0,6
DA:200,6
DA:201,6
DA:208,0
FN:208,Initializable._getInitializedVersion
FNDA:0,Initializable._getInitializedVersion
DA:209,0
DA:215,110
FN:215,Initializable._isInitializing
FNDA:110,Initializable._isInitializing
DA:216,110
DA:223,126
FN:223,Initializable._getInitializableStorage
FNDA:126,Initializable._getInitializableStorage
DA:225,126
FNF:8
FNH:6
LF:40
LH:26
BRF:7
BRH:3
end_of_record
TN:
SF:node_modules/@openzeppelin/contracts-upgradeable/proxy/utils/UUPSUpgradeable.sol
DA:51,1
FN:51,UUPSUpgradeable.onlyProxy
FNDA:1,UUPSUpgradeable.onlyProxy
DA:52,1
DA:60,1
FN:60,UUPSUpgradeable.notDelegated
FNDA:1,UUPSUpgradeable.notDelegated
DA:61,1
DA:65,10
FN:65,UUPSUpgradeable.__UUPSUpgradeable_init
FNDA:10,UUPSUpgradeable.__UUPSUpgradeable_init
DA:68,0
FN:68,UUPSUpgradeable.__UUPSUpgradeable_init_unchained
FNDA:0,UUPSUpgradeable.__UUPSUpgradeable_init_unchained
DA:78,1
FN:78,UUPSUpgradeable.proxiableUUID
FNDA:1,UUPSUpgradeable.proxiableUUID
DA:79,1
DA:92,1
FN:92,UUPSUpgradeable.upgradeToAndCall
FNDA:1,UUPSUpgradeable.upgradeToAndCall
DA:93,1
DA:94,1
DA:102,1
FN:102,UUPSUpgradeable._checkProxy
FNDA:1,UUPSUpgradeable._checkProxy
DA:104,1
DA:105,1
DA:106,0
BRDA:106,0,0,-
DA:107,0
DA:115,1
FN:115,UUPSUpgradeable._checkNotDelegated
FNDA:1,UUPSUpgradeable._checkNotDelegated
DA:116,1
BRDA:116,1,0,-
DA:118,0
DA:142,1
FN:142,UUPSUpgradeable._upgradeToAndCallUUPS
FNDA:1,UUPSUpgradeable._upgradeToAndCallUUPS
DA:143,1
DA:144,1
BRDA:144,2,0,-
DA:145,0
DA:147,1
DA:148,0
DA:150,0
FNF:9
FNH:8
LF:26
LH:19
BRF:3
BRH:0
end_of_record
TN:
SF:node_modules/@openzeppelin/contracts-upgradeable/token/ERC20/ERC20Upgradeable.sol
DA:46,137
FN:46,ERC20Upgradeable._getERC20Storage
FNDA:137,ERC20Upgradeable._getERC20Storage
DA:48,137
DA:58,10
FN:58,ERC20Upgradeable.__ERC20_init
FNDA:10,ERC20Upgradeable.__ERC20_init
DA:59,10
DA:62,10
FN:62,ERC20Upgradeable.__ERC20_init_unchained
FNDA:10,ERC20Upgradeable.__ERC20_init_unchained
DA:63,10
DA:64,10
DA:65,10
DA:71,0
FN:71,ERC20Upgradeable.name
FNDA:0,ERC20Upgradeable.name
DA:72,0
DA:73,0
DA:80,0
FN:80,ERC20Upgradeable.symbol
FNDA:0,ERC20Upgradeable.symbol
DA:81,0
DA:82,0
DA:98,0
FN:98,ERC20Upgradeable.decimals
FNDA:0,ERC20Upgradeable.decimals
DA:99,0
DA:105,0
FN:105,ERC20Upgradeable.totalSupply
FNDA:0,ERC20Upgradeable.totalSupply
DA:106,82
DA:107,82
DA:113,10
FN:113,ERC20Upgradeable.balanceOf
FNDA:10,ERC20Upgradeable.balanceOf
DA:114,10
DA:115,10
DA:126,0
FN:126,ERC20Upgradeable.transfer
FNDA:0,ERC20Upgradeable.transfer
DA:127,0
DA:128,0
DA:129,0
DA:135,0
FN:135,ERC20Upgradeable.allowance
FNDA:0,ERC20Upgradeable.allowance
DA:136,0
DA:137,0
DA:150,0
FN:150,ERC20Upgradeable.approve
FNDA:0,ERC20Upgradeable.approve
DA:151,0
DA:152,0
DA:153,0
DA:172,0
FN:172,ERC20Upgradeable.transferFrom
FNDA:0,ERC20Upgradeable.transferFrom
DA:173,0
DA:174,0
DA:175,0
DA:176,0
DA:189,0
FN:189,ERC20Upgradeable._transfer
FNDA:0,ERC20Upgradeable._transfer
DA:190,0
BRDA:190,0,0,-
DA:191,0
DA:193,0
BRDA:193,1,0,-
DA:194,0
DA:196,0
DA:206,35
FN:206,ERC20Upgradeable._update
FNDA:35,ERC20Upgradeable._update
DA:207,35
DA:208,35
BRDA:208,2,0,16
BRDA:208,2,1,19
DA:210,16
DA:212,19
DA:213,19
BRDA:213,3,0,-
DA:214,0
DA:218,19
DA:222,35
BRDA:222,4,0,19
BRDA:222,4,1,16
DA:225,19
DA:230,16
DA:234,35
DA:245,16
FN:245,ERC20Upgradeable._mint
FNDA:16,ERC20Upgradeable._mint
DA:246,16
BRDA:246,5,0,-
DA:247,0
DA:249,16
DA:260,19
FN:260,ERC20Upgradeable._burn
FNDA:19,ERC20Upgradeable._burn
DA:261,19
BRDA:261,6,0,-
DA:262,0
DA:264,19
DA:282,0
FN:282,ERC20Upgradeable._approve
FNDA:0,ERC20Upgradeable._approve
DA:283,0
DA:304,0
FN:304,ERC20Upgradeable._approve
FNDA:0,ERC20Upgradeable._approve
DA:305,0
DA:306,0
BRDA:306,7,0,-
DA:307,0
DA:309,0
BRDA:309,8,0,-
DA:310,0
DA:312,0
DA:313,0
BRDA:313,9,0,-
DA:314,0
DA:326,0
FN:326,ERC20Upgradeable._spendAllowance
FNDA:0,ERC20Upgradeable._spendAllowance
DA:327,0
DA:328,0
BRDA:328,10,0,-
DA:329,0
BRDA:329,11,0,-
DA:330,0
DA:333,0
FNF:19
FNH:7
LF:81
LH:30
BRF:14
BRH:4
end_of_record
TN:
SF:node_modules/@openzeppelin/contracts-upgradeable/token/ERC20/extensions/ERC20PermitUpgradeable.sol
DA:40,10
FN:40,ERC20PermitUpgradeable.__ERC20Permit_init
FNDA:10,ERC20PermitUpgradeable.__ERC20Permit_init
DA:41,10
DA:44,0
FN:44,ERC20PermitUpgradeable.__ERC20Permit_init_unchained
FNDA:0,ERC20PermitUpgradeable.__ERC20Permit_init_unchained
DA:49,0
FN:49,ERC20PermitUpgradeable.permit
FNDA:0,ERC20PermitUpgradeable.permit
DA:58,0
BRDA:58,0,0,-
DA:59,0
DA:62,0
DA:64,0
DA:66,0
DA:67,0
BRDA:67,1,0,-
DA:68,0
DA:71,0
DA:77,0
FN:77,ERC20PermitUpgradeable.nonces
FNDA:0,ERC20PermitUpgradeable.nonces
DA:78,0
DA:85,0
FN:85,ERC20PermitUpgradeable.DOMAIN_SEPARATOR
FNDA:0,ERC20PermitUpgradeable.DOMAIN_SEPARATOR
DA:86,0
FNF:5
FNH:1
LF:16
LH:2
BRF:2
BRH:0
end_of_record
TN:
SF:node_modules/@openzeppelin/contracts-upgradeable/token/ERC20/extensions/ERC4626Upgradeable.sol
DA:63,31
FN:63,ERC4626Upgradeable._getERC4626Storage
FNDA:31,ERC4626Upgradeable._getERC4626Storage
DA:65,31
DA:92,10
FN:92,ERC4626Upgradeable.__ERC4626_init
FNDA:10,ERC4626Upgradeable.__ERC4626_init
DA:93,10
DA:96,10
FN:96,ERC4626Upgradeable.__ERC4626_init_unchained
FNDA:10,ERC4626Upgradeable.__ERC4626_init_unchained
DA:97,10
DA:98,10
DA:99,10
DA:100,10
DA:106,10
FN:106,ERC4626Upgradeable._tryGetAssetDecimals
FNDA:10,ERC4626Upgradeable._tryGetAssetDecimals
DA:107,10
DA:110,10
BRDA:110,0,0,10
DA:111,10
DA:112,10
BRDA:112,1,0,10
DA:113,10
DA:116,0
DA:126,5
FN:126,ERC4626Upgradeable.decimals
FNDA:5,ERC4626Upgradeable.decimals
DA:127,5
DA:128,5
DA:132,0
FN:132,ERC4626Upgradeable.asset
FNDA:0,ERC4626Upgradeable.asset
DA:133,0
DA:134,0
DA:138,0
FN:138,ERC4626Upgradeable.totalAssets
FNDA:0,ERC4626Upgradeable.totalAssets
DA:139,0
DA:140,0
DA:144,0
FN:144,ERC4626Upgradeable.convertToShares
FNDA:0,ERC4626Upgradeable.convertToShares
DA:145,9
DA:149,17
FN:149,ERC4626Upgradeable.convertToAssets
FNDA:17,ERC4626Upgradeable.convertToAssets
DA:150,41
DA:154,0
FN:154,ERC4626Upgradeable.maxDeposit
FNDA:0,ERC4626Upgradeable.maxDeposit
DA:155,0
DA:159,0
FN:159,ERC4626Upgradeable.maxMint
FNDA:0,ERC4626Upgradeable.maxMint
DA:160,0
DA:164,0
FN:164,ERC4626Upgradeable.maxWithdraw
FNDA:0,ERC4626Upgradeable.maxWithdraw
DA:165,0
DA:169,0
FN:169,ERC4626Upgradeable.maxRedeem
FNDA:0,ERC4626Upgradeable.maxRedeem
DA:170,0
DA:174,8
FN:174,ERC4626Upgradeable.previewDeposit
FNDA:8,ERC4626Upgradeable.previewDeposit
DA:175,24
DA:179,0
FN:179,ERC4626Upgradeable.previewMint
FNDA:0,ERC4626Upgradeable.previewMint
DA:180,8
DA:184,0
FN:184,ERC4626Upgradeable.previewWithdraw
FNDA:0,ERC4626Upgradeable.previewWithdraw
DA:185,0
DA:189,0
FN:189,ERC4626Upgradeable.previewRedeem
FNDA:0,ERC4626Upgradeable.previewRedeem
DA:190,0
DA:194,8
FN:194,ERC4626Upgradeable.deposit
FNDA:8,ERC4626Upgradeable.deposit
DA:195,8
DA:196,8
BRDA:196,2,0,-
DA:197,0
DA:200,8
DA:201,8
DA:203,0
DA:207,0
FN:207,ERC4626Upgradeable.mint
FNDA:0,ERC4626Upgradeable.mint
DA:208,0
DA:209,0
BRDA:209,3,0,-
DA:210,0
DA:213,0
DA:214,0
DA:216,0
DA:220,0
FN:220,ERC4626Upgradeable.withdraw
FNDA:0,ERC4626Upgradeable.withdraw
DA:221,0
DA:222,0
BRDA:222,4,0,-
DA:223,0
DA:226,0
DA:227,0
DA:229,0
DA:233,0
FN:233,ERC4626Upgradeable.redeem
FNDA:0,ERC4626Upgradeable.redeem
DA:234,0
DA:235,0
BRDA:235,5,0,-
DA:236,0
DA:239,0
DA:240,0
DA:242,0
DA:248,33
FN:248,ERC4626Upgradeable._convertToShares
FNDA:33,ERC4626Upgradeable._convertToShares
DA:249,33
DA:255,49
FN:255,ERC4626Upgradeable._convertToAssets
FNDA:49,ERC4626Upgradeable._convertToAssets
DA:256,49
DA:262,16
FN:262,ERC4626Upgradeable._deposit
FNDA:16,ERC4626Upgradeable._deposit
DA:263,16
DA:271,16
DA:272,16
DA:274,16
DA:280,0
FN:280,ERC4626Upgradeable._withdraw
FNDA:0,ERC4626Upgradeable._withdraw
DA:287,0
DA:288,0
BRDA:288,6,0,-
DA:289,0
DA:298,0
DA:299,0
DA:301,0
DA:304,87
FN:304,ERC4626Upgradeable._decimalsOffset
FNDA:87,ERC4626Upgradeable._decimalsOffset
DA:305,87
FNF:26
FNH:12
LF:91
LH:40
BRF:7
BRH:2
end_of_record
TN:
SF:node_modules/@openzeppelin/contracts-upgradeable/utils/ContextUpgradeable.sol
DA:18,0
FN:18,ContextUpgradeable.__Context_init
FNDA:0,ContextUpgradeable.__Context_init
DA:21,0
FN:21,ContextUpgradeable.__Context_init_unchained
FNDA:0,ContextUpgradeable.__Context_init_unchained
DA:23,61
FN:23,ContextUpgradeable._msgSender
FNDA:61,ContextUpgradeable._msgSender
DA:24,61
DA:27,0
FN:27,ContextUpgradeable._msgData
FNDA:0,ContextUpgradeable._msgData
DA:28,0
DA:31,0
FN:31,ContextUpgradeable._contextSuffixLength
FNDA:0,ContextUpgradeable._contextSuffixLength
DA:32,0
FNF:5
FNH:1
LF:8
LH:2
BRF:0
BRH:0
end_of_record
TN:
SF:node_modules/@openzeppelin/contracts-upgradeable/utils/NoncesUpgradeable.sol
DA:23,0
FN:23,NoncesUpgradeable._getNoncesStorage
FNDA:0,NoncesUpgradeable._getNoncesStorage
DA:25,0
DA:29,0
FN:29,NoncesUpgradeable.__Nonces_init
FNDA:0,NoncesUpgradeable.__Nonces_init
DA:32,0
FN:32,NoncesUpgradeable.__Nonces_init_unchained
FNDA:0,NoncesUpgradeable.__Nonces_init_unchained
DA:37,0
FN:37,NoncesUpgradeable.nonces
FNDA:0,NoncesUpgradeable.nonces
DA:38,0
DA:39,0
DA:47,0
FN:47,NoncesUpgradeable._useNonce
FNDA:0,NoncesUpgradeable._useNonce
DA:48,0
DA:53,0
DA:60,0
FN:60,NoncesUpgradeable._useCheckedNonce
FNDA:0,NoncesUpgradeable._useCheckedNonce
DA:61,0
DA:62,0
BRDA:62,0,0,-
DA:63,0
FNF:6
FNH:0
LF:14
LH:0
BRF:1
BRH:0
end_of_record
TN:
SF:node_modules/@openzeppelin/contracts-upgradeable/utils/PausableUpgradeable.sol
DA:27,69
FN:27,PausableUpgradeable._getPausableStorage
FNDA:69,PausableUpgradeable._getPausableStorage
DA:29,69
DA:56,10
FN:56,PausableUpgradeable.__Pausable_init
FNDA:10,PausableUpgradeable.__Pausable_init
DA:57,10
DA:60,10
FN:60,PausableUpgradeable.__Pausable_init_unchained
FNDA:10,PausableUpgradeable.__Pausable_init_unchained
DA:61,10
DA:62,10
DA:72,15
FN:72,PausableUpgradeable.whenNotPaused
FNDA:15,PausableUpgradeable.whenNotPaused
DA:73,15
DA:84,5
FN:84,PausableUpgradeable.whenPaused
FNDA:5,PausableUpgradeable.whenPaused
DA:85,5
DA:92,0
FN:92,PausableUpgradeable.paused
FNDA:0,PausableUpgradeable.paused
DA:93,49
DA:94,49
DA:100,44
FN:100,PausableUpgradeable._requireNotPaused
FNDA:44,PausableUpgradeable._requireNotPaused
DA:101,44
BRDA:101,0,0,5
DA:102,5
DA:109,5
FN:109,PausableUpgradeable._requirePaused
FNDA:5,PausableUpgradeable._requirePaused
DA:110,5
BRDA:110,1,0,-
DA:111,0
DA:122,5
FN:122,PausableUpgradeable._pause
FNDA:5,PausableUpgradeable._pause
DA:123,5
DA:124,5
DA:125,5
DA:135,5
FN:135,PausableUpgradeable._unpause
FNDA:5,PausableUpgradeable._unpause
DA:136,5
DA:137,5
DA:138,5
FNF:10
FNH:9
LF:28
LH:26
BRF:2
BRH:1
end_of_record
TN:
SF:node_modules/@openzeppelin/contracts-upgradeable/utils/cryptography/EIP712Upgradeable.sol
DA:50,10
FN:50,EIP712Upgradeable._getEIP712Storage
FNDA:10,EIP712Upgradeable._getEIP712Storage
DA:52,10
DA:68,0
FN:68,EIP712Upgradeable.__EIP712_init
FNDA:0,EIP712Upgradeable.__EIP712_init
DA:69,0
DA:72,10
FN:72,EIP712Upgradeable.__EIP712_init_unchained
FNDA:10,EIP712Upgradeable.__EIP712_init_unchained
DA:73,10
DA:74,10
DA:75,10
DA:78,10
DA:79,10
DA:85,0
FN:85,EIP712Upgradeable._domainSeparatorV4
FNDA:0,EIP712Upgradeable._domainSeparatorV4
DA:86,0
DA:89,0
FN:89,EIP712Upgradeable._buildDomainSeparator
FNDA:0,EIP712Upgradeable._buildDomainSeparator
DA:90,0
DA:108,0
FN:108,EIP712Upgradeable._hashTypedDataV4
FNDA:0,EIP712Upgradeable._hashTypedDataV4
DA:109,0
DA:115,0
FN:115,EIP712Upgradeable.eip712Domain
FNDA:0,EIP712Upgradeable.eip712Domain
DA:129,0
DA:132,0
BRDA:132,0,0,-
BRDA:132,0,1,-
DA:134,0
DA:151,0
FN:151,EIP712Upgradeable._EIP712Name
FNDA:0,EIP712Upgradeable._EIP712Name
DA:152,0
DA:153,0
DA:162,0
FN:162,EIP712Upgradeable._EIP712Version
FNDA:0,EIP712Upgradeable._EIP712Version
DA:163,0
DA:164,0
DA:172,0
FN:172,EIP712Upgradeable._EIP712NameHash
FNDA:0,EIP712Upgradeable._EIP712NameHash
DA:173,0
DA:174,0
DA:175,0
BRDA:175,1,0,-
BRDA:175,1,1,-
DA:176,0
DA:180,0
DA:181,0
BRDA:181,2,0,-
BRDA:181,2,1,-
DA:182,0
DA:184,0
DA:194,0
FN:194,EIP712Upgradeable._EIP712VersionHash
FNDA:0,EIP712Upgradeable._EIP712VersionHash
DA:195,0
DA:196,0
DA:197,0
BRDA:197,3,0,-
BRDA:197,3,1,-
DA:198,0
DA:202,0
DA:203,0
BRDA:203,4,0,-
BRDA:203,4,1,-
DA:204,0
DA:206,0
FNF:11
FNH:2
LF:44
LH:8
BRF:10
BRH:0
end_of_record
